[ 2018-03-24T23:16:28+08:00 ] ::1 /aiyingshi/
INFO: [ app_init ] --START--
INFO: Run Behavior\BuildLiteBehavior [ RunTime:0.000025s ]
INFO: [ app_init ] --END-- [ RunTime:0.040958s ]
INFO: [ app_begin ] --START--
INFO: Run Behavior\ReadHtmlCacheBehavior [ RunTime:0.030002s ]
INFO: [ app_begin ] --END-- [ RunTime:0.030103s ]
NOTIC: [8] Undefined index: id D:\XAMPP\htdocs\aiyingshi\Application\Home\Controller\IndexController.class.php 第 7 行.
SQL: SHOW COLUMNS FROM `movie` [ RunTime:0.1100s ]
SQL: SELECT COUNT(*) AS tp_count FROM `movie` WHERE ( pass = 1 ) LIMIT 1   [ RunTime:0.0005s ]
SQL: SELECT movie.*,category.name as cname,user.username as uname,user.img as uimg,count(vote.num) as hcount FROM `movie` INNER JOIN category ON movie.typeid = category.id INNER JOIN vote on movie.id = vote.rid INNER JOIN user ON movie.uid = user.id  WHERE ( movie.pass = 1 ) GROUP BY vote.rid ORDER BY movie.addtime desc LIMIT 0,10   [ RunTime:0.0963s ]
SQL: SELECT movie.id,count(*),sum(vote.num) FROM `movie` INNER JOIN vote on movie.id = vote.rid  WHERE ( vote.type= 'movie' and pass = 1  ) GROUP BY movie.id ORDER BY movie.addtime desc LIMIT 0,10   [ RunTime:0.0008s ]
SQL: SELECT movie.*,category.name as cname,user.username as uname,user.img as uimg,count(vote.num) as hcount FROM `movie` INNER JOIN category ON movie.typeid = category.id INNER JOIN vote on movie.id = vote.rid INNER JOIN user ON movie.uid = user.id  WHERE ( movie.pass = 1 ) GROUP BY vote.rid ORDER BY rand() LIMIT 2   [ RunTime:0.0175s ]
SQL: SHOW COLUMNS FROM `slideshow` [ RunTime:0.0351s ]
SQL: SELECT * FROM `slideshow`  [ RunTime:0.0005s ]
SQL: SHOW COLUMNS FROM `news` [ RunTime:0.0401s ]
SQL: SELECT * FROM `news` ORDER BY rand() LIMIT 3   [ RunTime:0.0168s ]
SQL: SHOW COLUMNS FROM `comment` [ RunTime:0.0349s ]
SQL: SELECT comment.*,movie.id as mid,movie.name as mname,user.username as uname,user.img as uimg FROM `comment` INNER JOIN movie on comment.rid = movie.id INNER JOIN user ON comment.uid = user.id  WHERE ( movie.pass = 1 ) ORDER BY rand() LIMIT 3   [ RunTime:0.0011s ]
INFO: [ view_parse ] --START--
INFO: [ template_filter ] --START--
INFO: Run Behavior\ContentReplaceBehavior [ RunTime:0.000314s ]
INFO: [ template_filter ] --END-- [ RunTime:0.000450s ]
INFO: Run Behavior\ParseTemplateBehavior [ RunTime:0.338912s ]
INFO: [ view_parse ] --END-- [ RunTime:0.339008s ]
INFO: [ view_filter ] --START--
INFO: Run Behavior\WriteHtmlCacheBehavior [ RunTime:0.028680s ]
INFO: [ view_filter ] --END-- [ RunTime:0.028753s ]
INFO: [ app_end ] --START--
INFO: Run Behavior\ShowPageTraceBehavior [ RunTime:0.082852s ]
INFO: [ app_end ] --END-- [ RunTime:0.083114s ]

